<?xml version="1.0" encoding="UTF-8"?>
<!-- Generated by org.testng.reporters.JUnitXMLReporter -->
<testsuite hostname="XIPL0505" ignored="0" name="Test" tests="4" failures="0" timestamp="29 Jan 2021 10:46:29 GMT" time="43.182" errors="0">
  <testcase name="baseNavigation" time="8.692" classname="Academy.HomePage"/>
  <testcase name="baseNavigation" time="6.257" classname="Academy.HomePage"/>
  <testcase name="baseNavigation" time="0.272" classname="Academy.ValidateTitle"/>
  <testcase name="baseNavigation" time="0.234" classname="Academy.ValidateNavigationBar"/>
</testsuite> <!-- Test -->
