<?xml version="1.0" encoding="UTF-8"?>
<testsuite xmlns:xsi="http://www.w3.org/2001/XMLSchema-instance" xsi:noNamespaceSchemaLocation="https://maven.apache.org/surefire/maven-surefire-plugin/xsd/surefire-test-report-3.0.xsd" version="3.0" name="TestSuite" time="604.892" tests="8" errors="0" skipped="4" failures="2">
  <properties>
[...]
</properties>
  <testcase name="baseNavigation[nonrestricteduser@qw.com, 123456, nonrestricteduser](1)" classname="Academy.HomePage" time="9.042">
    <system-out><![CDATA[nonrestricteduser
]]></system-out>
    <system-err><![CDATA[Starting ChromeDriver 87.0.4280.88 (89e2380a3e36c3464b5dd1302349b1382549290d-refs/branch-heads/4280@{#1761}) on port 2521
Only local connections are allowed.
Please see https://chromedriver.chromium.org/security-considerations for suggestions on keeping ChromeDriver safe.
ChromeDriver was started successfully.
Starting ChromeDriver 87.0.4280.88 (89e2380a3e36c3464b5dd1302349b1382549290d-refs/branch-heads/4280@{#1761}) on port 42308
Only local connections are allowed.
Please see https://chromedriver.chromium.org/security-considerations for suggestions on keeping ChromeDriver safe.
Starting ChromeDriver 87.0.4280.88 (89e2380a3e36c3464b5dd1302349b1382549290d-refs/branch-heads/4280@{#1761}) on port 49026
Only local connections are allowed.
Please see https://chromedriver.chromium.org/security-considerations for suggestions on keeping ChromeDriver safe.
ChromeDriver was started successfully.
ChromeDriver was started successfully.
Feb 09, 2021 3:13:08 PM org.openqa.selenium.remote.ProtocolHandshake createSession
INFO: Detected dialect: W3C
]]></system-err>
  </testcase>
  <testcase name="baseNavigation[restricteduser@qw.com, 123456, restricteduser](2)" classname="Academy.HomePage" time="6.561">
    <system-out><![CDATA[restricteduser
]]></system-out>
  </testcase>
  <testcase name="initialize" classname="Academy.ValidateTitle" time="588.963">
    <failure message="session not created&#10;from timeout: Timed out receiving message from renderer: 600.000&#10;  (Session info: chrome=87.0.4280.141)&#10;Build info: version: &apos;3.141.59&apos;, revision: &apos;e82be7d358&apos;, time: &apos;2018-11-14T08:17:03&apos;&#10;System info: host: &apos;XIPL0505&apos;, ip: &apos;172.27.252.245&apos;, os.name: &apos;Windows 10&apos;, os.arch: &apos;amd64&apos;, os.version: &apos;10.0&apos;, java.version: &apos;1.8.0_221&apos;&#10;Driver info: driver.version: ChromeDriver&#10;remote stacktrace: Backtrace:&#10;	Ordinal0 [0x0151C0C3+3326147]&#10;	Ordinal0 [0x01400851+2164817]&#10;	Ordinal0 [0x01287298+619160]&#10;	Ordinal0 [0x0127B17F+569727]&#10;	Ordinal0 [0x0127A421+566305]&#10;	Ordinal0 [0x0127A815+567317]&#10;	Ordinal0 [0x0127A135+565557]&#10;	Ordinal0 [0x012838B1+604337]&#10;	Ordinal0 [0x0127A0F1+565489]&#10;	Ordinal0 [0x0127AEA2+568994]&#10;	Ordinal0 [0x0127A421+566305]&#10;	Ordinal0 [0x0127A815+567317]&#10;	Ordinal0 [0x0127A135+565557]&#10;	Ordinal0 [0x01281D2C+597292]&#10;	Ordinal0 [0x0127A0F1+565489]&#10;	Ordinal0 [0x0127AEA2+568994]&#10;	Ordinal0 [0x0127A421+566305]&#10;	Ordinal0 [0x0127A815+567317]&#10;	Ordinal0 [0x0127A135+565557]&#10;	Ordinal0 [0x0127FE62+589410]&#10;	Ordinal0 [0x0127A0F1+565489]&#10;	Ordinal0 [0x0127AEA2+568994]&#10;	Ordinal0 [0x0127A421+566305]&#10;	Ordinal0 [0x0127A815+567317]&#10;	Ordinal0 [0x0127A135+565557]&#10;	Ordinal0 [0x0127F075+585845]&#10;	Ordinal0 [0x0127A0F1+565489]&#10;	Ordinal0 [0x0127AEA2+568994]&#10;	Ordinal0 [0x0127A421+566305]&#10;	Ordinal0 [0x0127A815+567317]&#10;	Ordinal0 [0x0127A135+565557]&#10;	Ordinal0 [0x01276776+550774]&#10;	Ordinal0 [0x0127A0F1+565489]&#10;	Ordinal0 [0x01279F13+565011]&#10;	Ordinal0 [0x01279D07+564487]&#10;	Ordinal0 [0x012882C0+623296]&#10;	Ordinal0 [0x01226BDD+224221]&#10;	Ordinal0 [0x01225CAC+220332]&#10;	Ordinal0 [0x0122189B+202907]&#10;	Ordinal0 [0x01203DF4+81396]&#10;	Ordinal0 [0x01204DEE+85486]&#10;	Ordinal0 [0x01204D79+85369]&#10;	Ordinal0 [0x014185DC+2262492]&#10;	GetHandleVerifier [0x016A2874+1487204]&#10;	GetHandleVerifier [0x016A23CD+1486013]&#10;	GetHandleVerifier [0x016AA368+1518680]&#10;	GetHandleVerifier [0x016A2F4E+1488958]&#10;	Ordinal0 [0x0140ED0D+2223373]&#10;	Ordinal0 [0x0141A12B+2269483]&#10;	Ordinal0 [0x0141A26F+2269807]&#10;	Ordinal0 [0x0142ECB8+2354360]&#10;	BaseThreadInitThunk [0x77B10419+25]&#10;	RtlGetAppContainerNamedObjectPath [0x77CD74ED+237]&#10;	RtlGetAppContainerNamedObjectPath [0x77CD74BD+189]&#10;" type="org.openqa.selenium.SessionNotCreatedException"><![CDATA[org.openqa.selenium.SessionNotCreatedException: 
session not created
from timeout: Timed out receiving message from renderer: 600.000
  (Session info: chrome=87.0.4280.141)
Build info: version: '3.141.59', revision: 'e82be7d358', time: '2018-11-14T08:17:03'
System info: host: 'XIPL0505', ip: '172.27.252.245', os.name: 'Windows 10', os.arch: 'amd64', os.version: '10.0', java.version: '1.8.0_221'
Driver info: driver.version: ChromeDriver
remote stacktrace: Backtrace:
	Ordinal0 [0x0151C0C3+3326147]
	Ordinal0 [0x01400851+2164817]
	Ordinal0 [0x01287298+619160]
	Ordinal0 [0x0127B17F+569727]
	Ordinal0 [0x0127A421+566305]
	Ordinal0 [0x0127A815+567317]
	Ordinal0 [0x0127A135+565557]
	Ordinal0 [0x012838B1+604337]
	Ordinal0 [0x0127A0F1+565489]
	Ordinal0 [0x0127AEA2+568994]
	Ordinal0 [0x0127A421+566305]
	Ordinal0 [0x0127A815+567317]
	Ordinal0 [0x0127A135+565557]
	Ordinal0 [0x01281D2C+597292]
	Ordinal0 [0x0127A0F1+565489]
	Ordinal0 [0x0127AEA2+568994]
	Ordinal0 [0x0127A421+566305]
	Ordinal0 [0x0127A815+567317]
	Ordinal0 [0x0127A135+565557]
	Ordinal0 [0x0127FE62+589410]
	Ordinal0 [0x0127A0F1+565489]
	Ordinal0 [0x0127AEA2+568994]
	Ordinal0 [0x0127A421+566305]
	Ordinal0 [0x0127A815+567317]
	Ordinal0 [0x0127A135+565557]
	Ordinal0 [0x0127F075+585845]
	Ordinal0 [0x0127A0F1+565489]
	Ordinal0 [0x0127AEA2+568994]
	Ordinal0 [0x0127A421+566305]
	Ordinal0 [0x0127A815+567317]
	Ordinal0 [0x0127A135+565557]
	Ordinal0 [0x01276776+550774]
	Ordinal0 [0x0127A0F1+565489]
	Ordinal0 [0x01279F13+565011]
	Ordinal0 [0x01279D07+564487]
	Ordinal0 [0x012882C0+623296]
	Ordinal0 [0x01226BDD+224221]
	Ordinal0 [0x01225CAC+220332]
	Ordinal0 [0x0122189B+202907]
	Ordinal0 [0x01203DF4+81396]
	Ordinal0 [0x01204DEE+85486]
	Ordinal0 [0x01204D79+85369]
	Ordinal0 [0x014185DC+2262492]
	GetHandleVerifier [0x016A2874+1487204]
	GetHandleVerifier [0x016A23CD+1486013]
	GetHandleVerifier [0x016AA368+1518680]
	GetHandleVerifier [0x016A2F4E+1488958]
	Ordinal0 [0x0140ED0D+2223373]
	Ordinal0 [0x0141A12B+2269483]
	Ordinal0 [0x0141A26F+2269807]
	Ordinal0 [0x0142ECB8+2354360]
	BaseThreadInitThunk [0x77B10419+25]
	RtlGetAppContainerNamedObjectPath [0x77CD74ED+237]
	RtlGetAppContainerNamedObjectPath [0x77CD74BD+189]

	at Academy.ValidateTitle.initialize(ValidateTitle.java:30)
]]></failure>
    <system-err><![CDATA[[1612864387.260][SEVERE]: Timed out receiving message from renderer: 600.000
]]></system-err>
  </testcase>
  <testcase name="baseNavigation" classname="Academy.ValidateTitle" time="0">
    <skipped message="session not created&#10;from timeout: Timed out receiving message from renderer: 600.000&#10;  (Session info: chrome=87.0.4280.141)&#10;Build info: version: &apos;3.141.59&apos;, revision: &apos;e82be7d358&apos;, time: &apos;2018-11-14T08:17:03&apos;&#10;System info: host: &apos;XIPL0505&apos;, ip: &apos;172.27.252.245&apos;, os.name: &apos;Windows 10&apos;, os.arch: &apos;amd64&apos;, os.version: &apos;10.0&apos;, java.version: &apos;1.8.0_221&apos;&#10;Driver info: driver.version: ChromeDriver&#10;remote stacktrace: Backtrace:&#10;	Ordinal0 [0x0151C0C3+3326147]&#10;	Ordinal0 [0x01400851+2164817]&#10;	Ordinal0 [0x01287298+619160]&#10;	Ordinal0 [0x0127B17F+569727]&#10;	Ordinal0 [0x0127A421+566305]&#10;	Ordinal0 [0x0127A815+567317]&#10;	Ordinal0 [0x0127A135+565557]&#10;	Ordinal0 [0x012838B1+604337]&#10;	Ordinal0 [0x0127A0F1+565489]&#10;	Ordinal0 [0x0127AEA2+568994]&#10;	Ordinal0 [0x0127A421+566305]&#10;	Ordinal0 [0x0127A815+567317]&#10;	Ordinal0 [0x0127A135+565557]&#10;	Ordinal0 [0x01281D2C+597292]&#10;	Ordinal0 [0x0127A0F1+565489]&#10;	Ordinal0 [0x0127AEA2+568994]&#10;	Ordinal0 [0x0127A421+566305]&#10;	Ordinal0 [0x0127A815+567317]&#10;	Ordinal0 [0x0127A135+565557]&#10;	Ordinal0 [0x0127FE62+589410]&#10;	Ordinal0 [0x0127A0F1+565489]&#10;	Ordinal0 [0x0127AEA2+568994]&#10;	Ordinal0 [0x0127A421+566305]&#10;	Ordinal0 [0x0127A815+567317]&#10;	Ordinal0 [0x0127A135+565557]&#10;	Ordinal0 [0x0127F075+585845]&#10;	Ordinal0 [0x0127A0F1+565489]&#10;	Ordinal0 [0x0127AEA2+568994]&#10;	Ordinal0 [0x0127A421+566305]&#10;	Ordinal0 [0x0127A815+567317]&#10;	Ordinal0 [0x0127A135+565557]&#10;	Ordinal0 [0x01276776+550774]&#10;	Ordinal0 [0x0127A0F1+565489]&#10;	Ordinal0 [0x01279F13+565011]&#10;	Ordinal0 [0x01279D07+564487]&#10;	Ordinal0 [0x012882C0+623296]&#10;	Ordinal0 [0x01226BDD+224221]&#10;	Ordinal0 [0x01225CAC+220332]&#10;	Ordinal0 [0x0122189B+202907]&#10;	Ordinal0 [0x01203DF4+81396]&#10;	Ordinal0 [0x01204DEE+85486]&#10;	Ordinal0 [0x01204D79+85369]&#10;	Ordinal0 [0x014185DC+2262492]&#10;	GetHandleVerifier [0x016A2874+1487204]&#10;	GetHandleVerifier [0x016A23CD+1486013]&#10;	GetHandleVerifier [0x016AA368+1518680]&#10;	GetHandleVerifier [0x016A2F4E+1488958]&#10;	Ordinal0 [0x0140ED0D+2223373]&#10;	Ordinal0 [0x0141A12B+2269483]&#10;	Ordinal0 [0x0141A26F+2269807]&#10;	Ordinal0 [0x0142ECB8+2354360]&#10;	BaseThreadInitThunk [0x77B10419+25]&#10;	RtlGetAppContainerNamedObjectPath [0x77CD74ED+237]&#10;	RtlGetAppContainerNamedObjectPath [0x77CD74BD+189]&#10;"/>
  </testcase>
  <testcase name="teardown" classname="Academy.ValidateTitle" time="0">
    <skipped/>
  </testcase>
  <testcase name="initialize" classname="Academy.ValidateNavigationBar" time="590.013">
    <failure message="session not created&#10;from timeout: Timed out receiving message from renderer: 600.000&#10;  (Session info: chrome=87.0.4280.141)&#10;Build info: version: &apos;3.141.59&apos;, revision: &apos;e82be7d358&apos;, time: &apos;2018-11-14T08:17:03&apos;&#10;System info: host: &apos;XIPL0505&apos;, ip: &apos;172.27.252.245&apos;, os.name: &apos;Windows 10&apos;, os.arch: &apos;amd64&apos;, os.version: &apos;10.0&apos;, java.version: &apos;1.8.0_221&apos;&#10;Driver info: driver.version: ChromeDriver&#10;remote stacktrace: Backtrace:&#10;	Ordinal0 [0x0151C0C3+3326147]&#10;	Ordinal0 [0x01400851+2164817]&#10;	Ordinal0 [0x01287298+619160]&#10;	Ordinal0 [0x0127B17F+569727]&#10;	Ordinal0 [0x0127A421+566305]&#10;	Ordinal0 [0x0127A815+567317]&#10;	Ordinal0 [0x0127A135+565557]&#10;	Ordinal0 [0x012838B1+604337]&#10;	Ordinal0 [0x0127A0F1+565489]&#10;	Ordinal0 [0x0127AEA2+568994]&#10;	Ordinal0 [0x0127A421+566305]&#10;	Ordinal0 [0x0127A815+567317]&#10;	Ordinal0 [0x0127A135+565557]&#10;	Ordinal0 [0x01281D2C+597292]&#10;	Ordinal0 [0x0127A0F1+565489]&#10;	Ordinal0 [0x0127AEA2+568994]&#10;	Ordinal0 [0x0127A421+566305]&#10;	Ordinal0 [0x0127A815+567317]&#10;	Ordinal0 [0x0127A135+565557]&#10;	Ordinal0 [0x0127FE62+589410]&#10;	Ordinal0 [0x0127A0F1+565489]&#10;	Ordinal0 [0x0127AEA2+568994]&#10;	Ordinal0 [0x0127A421+566305]&#10;	Ordinal0 [0x0127A815+567317]&#10;	Ordinal0 [0x0127A135+565557]&#10;	Ordinal0 [0x0127F075+585845]&#10;	Ordinal0 [0x0127A0F1+565489]&#10;	Ordinal0 [0x0127AEA2+568994]&#10;	Ordinal0 [0x0127A421+566305]&#10;	Ordinal0 [0x0127A815+567317]&#10;	Ordinal0 [0x0127A135+565557]&#10;	Ordinal0 [0x01276776+550774]&#10;	Ordinal0 [0x0127A0F1+565489]&#10;	Ordinal0 [0x01279F13+565011]&#10;	Ordinal0 [0x01279D07+564487]&#10;	Ordinal0 [0x012882C0+623296]&#10;	Ordinal0 [0x01226BDD+224221]&#10;	Ordinal0 [0x01225CAC+220332]&#10;	Ordinal0 [0x0122189B+202907]&#10;	Ordinal0 [0x01203DF4+81396]&#10;	Ordinal0 [0x01204DEE+85486]&#10;	Ordinal0 [0x01204D79+85369]&#10;	Ordinal0 [0x014185DC+2262492]&#10;	GetHandleVerifier [0x016A2874+1487204]&#10;	GetHandleVerifier [0x016A23CD+1486013]&#10;	GetHandleVerifier [0x016AA368+1518680]&#10;	GetHandleVerifier [0x016A2F4E+1488958]&#10;	Ordinal0 [0x0140ED0D+2223373]&#10;	Ordinal0 [0x0141A12B+2269483]&#10;	Ordinal0 [0x0141A26F+2269807]&#10;	Ordinal0 [0x0142ECB8+2354360]&#10;	BaseThreadInitThunk [0x77B10419+25]&#10;	RtlGetAppContainerNamedObjectPath [0x77CD74ED+237]&#10;	RtlGetAppContainerNamedObjectPath [0x77CD74BD+189]&#10;" type="org.openqa.selenium.SessionNotCreatedException"><![CDATA[org.openqa.selenium.SessionNotCreatedException: 
session not created
from timeout: Timed out receiving message from renderer: 600.000
  (Session info: chrome=87.0.4280.141)
Build info: version: '3.141.59', revision: 'e82be7d358', time: '2018-11-14T08:17:03'
System info: host: 'XIPL0505', ip: '172.27.252.245', os.name: 'Windows 10', os.arch: 'amd64', os.version: '10.0', java.version: '1.8.0_221'
Driver info: driver.version: ChromeDriver
remote stacktrace: Backtrace:
	Ordinal0 [0x0151C0C3+3326147]
	Ordinal0 [0x01400851+2164817]
	Ordinal0 [0x01287298+619160]
	Ordinal0 [0x0127B17F+569727]
	Ordinal0 [0x0127A421+566305]
	Ordinal0 [0x0127A815+567317]
	Ordinal0 [0x0127A135+565557]
	Ordinal0 [0x012838B1+604337]
	Ordinal0 [0x0127A0F1+565489]
	Ordinal0 [0x0127AEA2+568994]
	Ordinal0 [0x0127A421+566305]
	Ordinal0 [0x0127A815+567317]
	Ordinal0 [0x0127A135+565557]
	Ordinal0 [0x01281D2C+597292]
	Ordinal0 [0x0127A0F1+565489]
	Ordinal0 [0x0127AEA2+568994]
	Ordinal0 [0x0127A421+566305]
	Ordinal0 [0x0127A815+567317]
	Ordinal0 [0x0127A135+565557]
	Ordinal0 [0x0127FE62+589410]
	Ordinal0 [0x0127A0F1+565489]
	Ordinal0 [0x0127AEA2+568994]
	Ordinal0 [0x0127A421+566305]
	Ordinal0 [0x0127A815+567317]
	Ordinal0 [0x0127A135+565557]
	Ordinal0 [0x0127F075+585845]
	Ordinal0 [0x0127A0F1+565489]
	Ordinal0 [0x0127AEA2+568994]
	Ordinal0 [0x0127A421+566305]
	Ordinal0 [0x0127A815+567317]
	Ordinal0 [0x0127A135+565557]
	Ordinal0 [0x01276776+550774]
	Ordinal0 [0x0127A0F1+565489]
	Ordinal0 [0x01279F13+565011]
	Ordinal0 [0x01279D07+564487]
	Ordinal0 [0x012882C0+623296]
	Ordinal0 [0x01226BDD+224221]
	Ordinal0 [0x01225CAC+220332]
	Ordinal0 [0x0122189B+202907]
	Ordinal0 [0x01203DF4+81396]
	Ordinal0 [0x01204DEE+85486]
	Ordinal0 [0x01204D79+85369]
	Ordinal0 [0x014185DC+2262492]
	GetHandleVerifier [0x016A2874+1487204]
	GetHandleVerifier [0x016A23CD+1486013]
	GetHandleVerifier [0x016AA368+1518680]
	GetHandleVerifier [0x016A2F4E+1488958]
	Ordinal0 [0x0140ED0D+2223373]
	Ordinal0 [0x0141A12B+2269483]
	Ordinal0 [0x0141A26F+2269807]
	Ordinal0 [0x0142ECB8+2354360]
	BaseThreadInitThunk [0x77B10419+25]
	RtlGetAppContainerNamedObjectPath [0x77CD74ED+237]
	RtlGetAppContainerNamedObjectPath [0x77CD74BD+189]

	at Academy.ValidateNavigationBar.initialize(ValidateNavigationBar.java:29)
]]></failure>
    <system-err><![CDATA[[1612864388.333][SEVERE]: Timed out receiving message from renderer: 600.000
]]></system-err>
  </testcase>
  <testcase name="baseNavigation" classname="Academy.ValidateNavigationBar" time="0">
    <skipped message="session not created&#10;from timeout: Timed out receiving message from renderer: 600.000&#10;  (Session info: chrome=87.0.4280.141)&#10;Build info: version: &apos;3.141.59&apos;, revision: &apos;e82be7d358&apos;, time: &apos;2018-11-14T08:17:03&apos;&#10;System info: host: &apos;XIPL0505&apos;, ip: &apos;172.27.252.245&apos;, os.name: &apos;Windows 10&apos;, os.arch: &apos;amd64&apos;, os.version: &apos;10.0&apos;, java.version: &apos;1.8.0_221&apos;&#10;Driver info: driver.version: ChromeDriver&#10;remote stacktrace: Backtrace:&#10;	Ordinal0 [0x0151C0C3+3326147]&#10;	Ordinal0 [0x01400851+2164817]&#10;	Ordinal0 [0x01287298+619160]&#10;	Ordinal0 [0x0127B17F+569727]&#10;	Ordinal0 [0x0127A421+566305]&#10;	Ordinal0 [0x0127A815+567317]&#10;	Ordinal0 [0x0127A135+565557]&#10;	Ordinal0 [0x012838B1+604337]&#10;	Ordinal0 [0x0127A0F1+565489]&#10;	Ordinal0 [0x0127AEA2+568994]&#10;	Ordinal0 [0x0127A421+566305]&#10;	Ordinal0 [0x0127A815+567317]&#10;	Ordinal0 [0x0127A135+565557]&#10;	Ordinal0 [0x01281D2C+597292]&#10;	Ordinal0 [0x0127A0F1+565489]&#10;	Ordinal0 [0x0127AEA2+568994]&#10;	Ordinal0 [0x0127A421+566305]&#10;	Ordinal0 [0x0127A815+567317]&#10;	Ordinal0 [0x0127A135+565557]&#10;	Ordinal0 [0x0127FE62+589410]&#10;	Ordinal0 [0x0127A0F1+565489]&#10;	Ordinal0 [0x0127AEA2+568994]&#10;	Ordinal0 [0x0127A421+566305]&#10;	Ordinal0 [0x0127A815+567317]&#10;	Ordinal0 [0x0127A135+565557]&#10;	Ordinal0 [0x0127F075+585845]&#10;	Ordinal0 [0x0127A0F1+565489]&#10;	Ordinal0 [0x0127AEA2+568994]&#10;	Ordinal0 [0x0127A421+566305]&#10;	Ordinal0 [0x0127A815+567317]&#10;	Ordinal0 [0x0127A135+565557]&#10;	Ordinal0 [0x01276776+550774]&#10;	Ordinal0 [0x0127A0F1+565489]&#10;	Ordinal0 [0x01279F13+565011]&#10;	Ordinal0 [0x01279D07+564487]&#10;	Ordinal0 [0x012882C0+623296]&#10;	Ordinal0 [0x01226BDD+224221]&#10;	Ordinal0 [0x01225CAC+220332]&#10;	Ordinal0 [0x0122189B+202907]&#10;	Ordinal0 [0x01203DF4+81396]&#10;	Ordinal0 [0x01204DEE+85486]&#10;	Ordinal0 [0x01204D79+85369]&#10;	Ordinal0 [0x014185DC+2262492]&#10;	GetHandleVerifier [0x016A2874+1487204]&#10;	GetHandleVerifier [0x016A23CD+1486013]&#10;	GetHandleVerifier [0x016AA368+1518680]&#10;	GetHandleVerifier [0x016A2F4E+1488958]&#10;	Ordinal0 [0x0140ED0D+2223373]&#10;	Ordinal0 [0x0141A12B+2269483]&#10;	Ordinal0 [0x0141A26F+2269807]&#10;	Ordinal0 [0x0142ECB8+2354360]&#10;	BaseThreadInitThunk [0x77B10419+25]&#10;	RtlGetAppContainerNamedObjectPath [0x77CD74ED+237]&#10;	RtlGetAppContainerNamedObjectPath [0x77CD74BD+189]&#10;"/>
  </testcase>
  <testcase name="teardown" classname="Academy.ValidateNavigationBar" time="0">
    <skipped/>
  </testcase>
</testsuite>